<?xml version="1.0" encoding="UTF-8"?>
<testsuite xmlns:xsi="http://www.w3.org/2001/XMLSchema-instance" xsi:noNamespaceSchemaLocation="https://maven.apache.org/surefire/maven-surefire-plugin/xsd/surefire-test-report.xsd" name="com.jpmc.theater.ReservationTests" time="0" tests="6" errors="0" skipped="0" failures="0">
  <properties>
[...]
</properties>
  <testcase name="totalFeeSeqOne" classname="com.jpmc.theater.ReservationTests" time="0"/>
  <testcase name="totalFee" classname="com.jpmc.theater.ReservationTests" time="0"/>
  <testcase name="totalSeqTwo" classname="com.jpmc.theater.ReservationTests" time="0"/>
  <testcase name="totalFeeDateSeven" classname="com.jpmc.theater.ReservationTests" time="0"/>
  <testcase name="totalFeeBestDiscountTwo" classname="com.jpmc.theater.ReservationTests" time="0"/>
  <testcase name="totalFeeBestDiscount" classname="com.jpmc.theater.ReservationTests" time="0"/>
</testsuite>